\BOOKMARK [0][-]{section*.2}{Generalization of the Binary Structural Phase Field Crystal Model}{}% 2
\BOOKMARK [1][-]{section*.1}{Abstract}{section*.2}% 1
\BOOKMARK [1][-]{section*.3}{Introduction}{section*.2}% 3
\BOOKMARK [1][-]{section*.4}{Binary CDFT}{section*.2}% 4
\BOOKMARK [1][-]{section*.5}{Original Binary PFC Model}{section*.2}% 5
\BOOKMARK [1][-]{section*.6}{Original Binary XPFC Model}{section*.2}% 6
\BOOKMARK [2][-]{section*.8}{XPFC Correlation Functions}{section*.6}% 7
\BOOKMARK [1][-]{section*.9}{Generalization of the Binary Structural Phase Field Crystal Model}{section*.2}% 8
\BOOKMARK [2][-]{section*.10}{Adding an Enthalpy of Mixing}{section*.9}% 9
\BOOKMARK [2][-]{section*.11}{Generalizing the Two-Point Correlation Function}{section*.9}% 10
\BOOKMARK [1][-]{section*.12}{Equilibrium Properties of Binary Alloys}{section*.2}% 11
\BOOKMARK [2][-]{section*.13}{Eutectic Phase Diagram}{section*.12}% 12
\BOOKMARK [2][-]{section*.15}{Syntectic Phase Diagram}{section*.12}% 13
\BOOKMARK [2][-]{section*.17}{Monotectic Phase Diagram}{section*.12}% 14
\BOOKMARK [1][-]{section*.19}{Application to Precipitating Nanoparticles from Solution}{section*.2}% 15
\BOOKMARK [2][-]{section*.20}{XPFC Dynamics}{section*.19}% 16
\BOOKMARK [2][-]{section*.21}{Multi-Step Nucleation of Nanoparticles in Solution}{section*.19}% 17
\BOOKMARK [2][-]{section*.23}{Classical and Non-classical Nucleation Theories}{section*.19}% 18
\BOOKMARK [2][-]{section*.24}{XPFC Modelling of Precipitation}{section*.19}% 19
\BOOKMARK [2][-]{section*.26}{Dynamics of Precipitation: Results and Discussion}{section*.19}% 20
\BOOKMARK [2][-]{section*.30}{Outlook and Future Applications}{section*.19}% 21
\BOOKMARK [1][-]{section*.31}{References}{section*.2}% 22
